<?xml version="1.0" encoding="UTF-8"?>
<!-- Generated by org.testng.reporters.JUnitReportReporter -->
<testsuite skipped="0" hostname="NX00308" name="Test.EventTest" tests="3" failures="0" timestamp="2020-02-20T14:42:48 PKT" time="32.829" errors="0">
  <testcase name="EditEvent" time="9.818" classname="Test.EventTest"/>
  <testcase name="NewEventAddition" time="20.909" classname="Test.EventTest"/>
  <testcase name="DeleteEvent" time="2.102" classname="Test.EventTest"/>
</testsuite> <!-- Test.EventTest -->
