<?xml version="1.0" encoding="UTF-8"?>
<!-- Generated by org.testng.reporters.JUnitReportReporter -->
<testsuite skipped="0" hostname="NX00308" name="Test.HRMLoginTest" tests="1" failures="0" timestamp="2020-02-20T14:42:48 PKT" time="3.333" errors="0">
  <testcase name="test_Home_Page_Appear_Correct" time="3.333" classname="Test.HRMLoginTest"/>
</testsuite> <!-- Test.HRMLoginTest -->
