<?xml version="1.0" encoding="UTF-8"?>
<!-- Generated by org.testng.reporters.JUnitReportReporter -->
<testsuite skipped="0" hostname="NX00308" name="Test.SkillsTest" tests="2" failures="0" timestamp="2020-02-20T14:42:48 PKT" time="30.323" errors="0">
  <testcase name="RemoveNewSkill" time="4.805" classname="Test.SkillsTest"/>
  <testcase name="AddNewSkill" time="25.518" classname="Test.SkillsTest"/>
</testsuite> <!-- Test.SkillsTest -->
