<?xml version="1.0" encoding="UTF-8"?>
<!-- Generated by org.testng.reporters.JUnitReportReporter -->
<testsuite hostname="NX00308" name="Test.SkillsTest" tests="2" failures="0" timestamp="20 Feb 2020 09:44:01 GMT" time="31.265" errors="0">
  <testcase name="AddNewSkill" time="26.249" classname="Test.SkillsTest"/>
  <testcase name="RemoveNewSkill" time="5.016" classname="Test.SkillsTest"/>
</testsuite> <!-- Test.SkillsTest -->
