<?xml version="1.0" encoding="UTF-8"?>
<!-- Generated by org.testng.reporters.JUnitReportReporter -->
<testsuite hostname="NX00308" name="Test.EventTest" tests="3" failures="0" timestamp="20 Feb 2020 09:44:01 GMT" time="32.835" errors="0">
  <testcase name="EditEvent" time="9.558" classname="Test.EventTest"/>
  <testcase name="DeleteEvent" time="2.097" classname="Test.EventTest"/>
  <testcase name="NewEventAddition" time="21.180" classname="Test.EventTest"/>
</testsuite> <!-- Test.EventTest -->
