<?xml version="1.0" encoding="UTF-8"?>
<!-- Generated by org.testng.reporters.JUnitReportReporter -->
<testsuite hostname="NX00308" name="Test.HRMLoginTest" tests="1" failures="0" timestamp="20 Feb 2020 09:44:01 GMT" time="3.793" errors="0">
  <testcase name="test_Home_Page_Appear_Correct" time="3.793" classname="Test.HRMLoginTest"/>
</testsuite> <!-- Test.HRMLoginTest -->
